#
# There is insufficient memory for the Java Runtime Environment to continue.
# Native memory allocation (mmap) failed to map 266338304 bytes. Error detail: G1 virtual space
# Possible reasons:
#   The system is out of physical RAM or swap space
#   This process is running with CompressedOops enabled, and the Java Heap may be blocking the growth of the native heap
# Possible solutions:
#   Reduce memory load on the system
#   Increase physical memory or swap space
#   Check if swap backing store is full
#   Decrease Java heap size (-Xmx/-Xms)
#   Decrease number of Java threads
#   Decrease Java thread stack sizes (-Xss)
#   Set larger code cache with -XX:ReservedCodeCacheSize=
#   JVM is running with Zero Based Compressed Oops mode in which the Java heap is
#     placed in the first 32GB address space. The Java Heap base address is the
#     maximum limit for the native heap growth. Please use -XX:HeapBaseMinAddress
#     to set the Java Heap base and to place the Java Heap above 32GB virtual address.
# This output file may be truncated or incomplete.
#
#  Out of Memory Error (os_windows.cpp:3707), pid=34172, tid=4340
#
# JRE version:  (23.0.2+7) (build )
# Java VM: OpenJDK 64-Bit Server VM (23.0.2+7-FR, mixed mode, emulated-client, sharing, tiered, compressed oops, compressed class ptrs, g1 gc, windows-amd64)
# No core dump will be written. Minidumps are not enabled by default on client versions of Windows
#

---------------  S U M M A R Y ------------

Command Line: -XX:TieredStopAtLevel=1 -Dspring.output.ansi.enabled=always -Dcom.sun.management.jmxremote -Dspring.jmx.enabled=true -Dspring.liveBeansView.mbeanDomain -Dspring.application.admin.enabled=true -Dmanagement.endpoints.jmx.exposure.include=* -javaagent:D:\development tool\IDEAL\IntelliJ IDEA 2025.2.1\lib\idea_rt.jar=49756 -Dfile.encoding=UTF-8 -Dsun.stdout.encoding=UTF-8 -Dsun.stderr.encoding=UTF-8 com.warehouse.stock.StockApplication

Host: 13th Gen Intel(R) Core(TM) i7-13700H, 20 cores, 15G,  Windows 11 , 64 bit Build 26100 (10.0.26100.8328)
Time: Sun Jun  7 13:29:42 2026  Windows 11 , 64 bit Build 26100 (10.0.26100.8328) elapsed time: 2.035201 seconds (0d 0h 0m 2s)

---------------  T H R E A D  ---------------

Current thread (0x00000211a3605d40):  JavaThread "Unknown thread" [_thread_in_vm, id=4340, stack(0x000000de53200000,0x000000de53300000) (1024K)]

Stack: [0x000000de53200000,0x000000de53300000]
Native frames: (J=compiled Java code, j=interpreted, Vv=VM code, C=native code)
V  [jvm.dll+0x6f3b69]  (no source info available)
V  [jvm.dll+0x8e5d05]  (no source info available)
V  [jvm.dll+0x8e7fbe]  (no source info available)
V  [jvm.dll+0x8e86a3]  (no source info available)
V  [jvm.dll+0x285ee6]  (no source info available)
V  [jvm.dll+0x6f03c5]  (no source info available)
V  [jvm.dll+0x6e3dba]  (no source info available)
V  [jvm.dll+0x36a35b]  (no source info available)
V  [jvm.dll+0x372796]  (no source info available)
V  [jvm.dll+0x35ee56]  (no source info available)
V  [jvm.dll+0x35f118]  (no source info available)
V  [jvm.dll+0x336cfc]  (no source info available)
V  [jvm.dll+0x337afe]  (no source info available)
V  [jvm.dll+0x8aab65]  (no source info available)
V  [jvm.dll+0x3c89d8]  (no source info available)
V  [jvm.dll+0x8938ec]  (no source info available)
V  [jvm.dll+0x46246e]  (no source info available)
V  [jvm.dll+0x4642b1]  (no source info available)
C  [jli.dll+0x52ab]  (no source info available)
C  [ucrtbase.dll+0x37b0]  (no source info available)
C  [KERNEL32.DLL+0x2e957]  (no source info available)
C  [ntdll.dll+0x427c]  (no source info available)

Lock stack of current Java thread (top to bottom):


---------------  P R O C E S S  ---------------

Threads class SMR info:
_java_thread_list=0x00007ffdf2034ad8, length=0, elements={
}

Java Threads: ( => current thread )
Total: 0

Other Threads:
  0x00000211a366d870 WorkerThread "GC Thread#0"                     [id=35764, stack(0x000000de53300000,0x000000de53400000) (1024K)]
  0x00000211a367f7c0 ConcurrentGCThread "G1 Main Marker"            [id=12664, stack(0x000000de53400000,0x000000de53500000) (1024K)]
  0x00000211b66a3120 WorkerThread "G1 Conc#0"                       [id=23816, stack(0x000000de53500000,0x000000de53600000) (1024K)]

[error occurred during error reporting (printing all threads), id 0xc0000005, EXCEPTION_ACCESS_VIOLATION (0xc0000005) at pc=0x00007ffdf170b0da]
VM state: not at safepoint (not fully initialized)

VM Mutex/Monitor currently owned by a thread:  ([mutex/lock_event])
[0x00007ffdf20b7dd8] Heap_lock - owner thread: 0x00000211a3605d40

Heap address: 0x0000000703200000, size: 4046 MB, Compressed Oops mode: Zero based, Oop shift amount: 3

CDS archive(s) mapped at: [0x0000000000000000-0x0000000000000000-0x0000000000000000), size 0, SharedBaseAddress: 0x0000000800000000, ArchiveRelocationMode: 1.
Narrow klass base: 0x0000000000000000, Narrow klass shift: 0, Narrow klass range: 0x0

GC Precious Log:
 CardTable entry size: 512
 Card Set container configuration: InlinePtr #cards 4 size 8 Array Of Cards #cards 16 size 48 Howl #buckets 8 coarsen threshold 3686 Howl Bitmap #cards 512 size 80 coarsen threshold 460 Card regions per heap region 1 cards per card region 4096

Heap:
 garbage-first heap   total reserved 4143104K, committed 0K, used 0K [0x0000000703200000, 0x0000000800000000)
  region size 2048K, 0 young (0K), 0 survivors (0K)

[error occurred during error reporting (printing heap information), id 0xc0000005, EXCEPTION_ACCESS_VIOLATION (0xc0000005) at pc=0x00007ffdf1b101c9]
GC Heap History (0 events):
No events

Dll operation events (1 events):
Event: 0.008 Loaded shared library C:\Users\Lenovo\.jdks\corretto-23.0.2\bin\java.dll

Deoptimization events (0 events):
No events

Classes loaded (0 events):
No events

Classes unloaded (0 events):
No events

Classes redefined (0 events):
No events

Internal exceptions (0 events):
No events

VM Operations (0 events):
No events

Memory protections (0 events):
No events

Nmethod flushes (0 events):
No events

Events (0 events):
No events


Dynamic libraries:
0x00007ff7acdf0000 - 0x00007ff7acdfe000 	C:\Users\Lenovo\.jdks\corretto-23.0.2\bin\java.exe
0x00007ffebccc0000 - 0x00007ffebcf27000 	C:\WINDOWS\SYSTEM32\ntdll.dll
0x00007ffebc1e0000 - 0x00007ffebc2a9000 	C:\WINDOWS\System32\KERNEL32.DLL
0x00007ffeba580000 - 0x00007ffeba977000 	C:\WINDOWS\System32\KERNELBASE.dll
0x00007ffeb9f60000 - 0x00007ffeba0ab000 	C:\WINDOWS\System32\ucrtbase.dll
0x00007ffe74730000 - 0x00007ffe74747000 	C:\Users\Lenovo\.jdks\corretto-23.0.2\bin\jli.dll
0x00007ffebc5f0000 - 0x00007ffebc7b6000 	C:\WINDOWS\System32\USER32.dll
0x00007ffeba230000 - 0x00007ffeba257000 	C:\WINDOWS\System32\win32u.dll
0x00007ffe74690000 - 0x00007ffe746ab000 	C:\Users\Lenovo\.jdks\corretto-23.0.2\bin\VCRUNTIME140.dll
0x00007ffebb580000 - 0x00007ffebb5ab000 	C:\WINDOWS\System32\GDI32.dll
0x00007ffe93950000 - 0x00007ffe93be2000 	C:\WINDOWS\WinSxS\amd64_microsoft.windows.common-controls_6595b64144ccf1df_6.0.26100.8457_none_3e0b2faee331e92d\COMCTL32.dll
0x00007ffeba3a0000 - 0x00007ffeba4cc000 	C:\WINDOWS\System32\gdi32full.dll
0x00007ffebcbd0000 - 0x00007ffebcc79000 	C:\WINDOWS\System32\msvcrt.dll
0x00007ffeba260000 - 0x00007ffeba303000 	C:\WINDOWS\System32\msvcp_win.dll
0x00007ffebc1a0000 - 0x00007ffebc1d2000 	C:\WINDOWS\System32\IMM32.DLL
0x00007ffe74720000 - 0x00007ffe7472c000 	C:\Users\Lenovo\.jdks\corretto-23.0.2\bin\vcruntime140_1.dll
0x00007ffe2f870000 - 0x00007ffe2f8fd000 	C:\Users\Lenovo\.jdks\corretto-23.0.2\bin\msvcp140.dll
0x00007ffdf13c0000 - 0x00007ffdf2198000 	C:\Users\Lenovo\.jdks\corretto-23.0.2\bin\server\jvm.dll
0x00007ffebc860000 - 0x00007ffebc916000 	C:\WINDOWS\System32\ADVAPI32.dll
0x00007ffebc920000 - 0x00007ffebc9c7000 	C:\WINDOWS\System32\sechost.dll
0x00007ffebb750000 - 0x00007ffebb868000 	C:\WINDOWS\System32\RPCRT4.dll
0x00007ffebb690000 - 0x00007ffebb710000 	C:\WINDOWS\System32\WS2_32.dll
0x00007ffeb9550000 - 0x00007ffeb95ae000 	C:\WINDOWS\SYSTEM32\POWRPROF.dll
0x00007ffeb0040000 - 0x00007ffeb004b000 	C:\WINDOWS\SYSTEM32\VERSION.dll
0x00007ffea1110000 - 0x00007ffea1146000 	C:\WINDOWS\SYSTEM32\WINMM.dll
0x00007ffeb9530000 - 0x00007ffeb9544000 	C:\WINDOWS\SYSTEM32\UMPDC.dll
0x00007ffeb8480000 - 0x00007ffeb849b000 	C:\WINDOWS\SYSTEM32\kernel.appcore.dll
0x00007ffe742e0000 - 0x00007ffe742ea000 	C:\Users\Lenovo\.jdks\corretto-23.0.2\bin\jimage.dll
0x00007ffeb7360000 - 0x00007ffeb75a2000 	C:\WINDOWS\SYSTEM32\DBGHELP.DLL
0x00007ffebb1e0000 - 0x00007ffebb563000 	C:\WINDOWS\System32\combase.dll
0x00007ffebb5b0000 - 0x00007ffebb689000 	C:\WINDOWS\System32\OLEAUT32.dll
0x00007ffe92690000 - 0x00007ffe926cb000 	C:\WINDOWS\SYSTEM32\dbgcore.DLL
0x00007ffeba4d0000 - 0x00007ffeba578000 	C:\WINDOWS\System32\bcryptPrimitives.dll
0x00007ffe8dd30000 - 0x00007ffe8dd3e000 	C:\Users\Lenovo\.jdks\corretto-23.0.2\bin\instrument.dll
0x00007ffe742c0000 - 0x00007ffe742de000 	C:\Users\Lenovo\.jdks\corretto-23.0.2\bin\java.dll
0x00007ffebc2b0000 - 0x00007ffebc447000 	C:\WINDOWS\System32\ole32.dll
0x00007ffebaa60000 - 0x00007ffebb1ce000 	C:\WINDOWS\System32\SHELL32.dll

dbghelp: loaded successfully - version: 4.0.5 - missing functions: none
symbol engine: initialized successfully - sym options: 0x614 - pdb path: .;C:\Users\Lenovo\.jdks\corretto-23.0.2\bin;C:\WINDOWS\SYSTEM32;C:\WINDOWS\WinSxS\amd64_microsoft.windows.common-controls_6595b64144ccf1df_6.0.26100.8457_none_3e0b2faee331e92d;C:\Users\Lenovo\.jdks\corretto-23.0.2\bin\server

VM Arguments:
jvm_args: -XX:TieredStopAtLevel=1 -Dspring.output.ansi.enabled=always -Dcom.sun.management.jmxremote -Dspring.jmx.enabled=true -Dspring.liveBeansView.mbeanDomain -Dspring.application.admin.enabled=true -Dmanagement.endpoints.jmx.exposure.include=* -javaagent:D:\development tool\IDEAL\IntelliJ IDEA 2025.2.1\lib\idea_rt.jar=49756 -Dfile.encoding=UTF-8 -Dsun.stdout.encoding=UTF-8 -Dsun.stderr.encoding=UTF-8 
java_command: com.warehouse.stock.StockApplication
java_class_path (initial): E:\code\Spring cloud\warehouse-cursor-菴珨唳\warehouse-stock\target\classes;E:\code\Spring cloud\warehouse-cursor-菴珨唳\warehouse-common\target\classes;C:\develop\maven\repository\cn\hutool\hutool-all\5.8.22\hutool-all-5.8.22.jar;C:\develop\maven\repository\com\fasterxml\jackson\core\jackson-databind\2.13.5\jackson-databind-2.13.5.jar;C:\develop\maven\repository\com\fasterxml\jackson\core\jackson-annotations\2.13.5\jackson-annotations-2.13.5.jar;C:\develop\maven\repository\com\fasterxml\jackson\core\jackson-core\2.13.5\jackson-core-2.13.5.jar;C:\develop\maven\repository\org\springframework\boot\spring-boot-starter-web\2.7.15\spring-boot-starter-web-2.7.15.jar;C:\develop\maven\repository\org\springframework\boot\spring-boot-starter\2.7.15\spring-boot-starter-2.7.15.jar;C:\develop\maven\repository\org\springframework\boot\spring-boot\2.7.15\spring-boot-2.7.15.jar;C:\develop\maven\repository\org\springframework\boot\spring-boot-starter-logging\2.7.15\spring-boot-starter-logging-2.7.15.jar;C:\develop\maven\repository\ch\qos\logback\logback-classic\1.2.12\logback-classic-1.2.12.jar;C:\develop\maven\repository\ch\qos\logback\logback-core\1.2.12\logback-core-1.2.12.jar;C:\develop\maven\repository\org\apache\logging\log4j\log4j-to-slf4j\2.17.2\log4j-to-slf4j-2.17.2.jar;C:\develop\maven\repository\org\apache\logging\log4j\log4j-api\2.17.2\log4j-api-2.17.2.jar;C:\develop\maven\repository\org\slf4j\jul-to-slf4j\1.7.36\jul-to-slf4j-1.7.36.jar;C:\develop\maven\repository\jakarta\annotation\jakarta.annotation-api\1.3.5\jakarta.annotation-api-1.3.5.jar;C:\develop\maven\repository\org\springframework\spring-core\5.3.29\spring-core-5.3.29.jar;C:\develop\maven\repository\org\springframework\spring-jcl\5.3.29\spring-jcl-5.3.29.jar;C:\develop\maven\repository\org\yaml\snakeyaml\1.30\snakeyaml-1.30.jar;C:\develop\maven\repository\org\springframework\boot\spring-boot-starter-json\2.7.15\spring-boot-starter-json-2.7.15.jar;C:\develop\maven\repository\com\fasterxml\jackson\datatype\jackson-datatype-jdk8\2.13.5\jackson-datatype-jdk8-2.13.5.jar;C:\develop\maven\repository\com\fasterxml\jackson\datatype\jackson-datatype-jsr310\2.13.5\jackson-datatype-jsr310-2.13.5.jar;C:\develop\maven\repository\com\fasterxml\jackson\module\jackson-module-parameter-names\2.13.5\jackson-module-parameter-names-2.13.5.jar;C:\develop\maven\repository\org\springframework\boot\spring-boot-starter-tomcat\2.7.15\spring-boot-starter-tomcat-2.7.15.jar;C:\develop\maven\repository\org\apache\tomcat\embed\tomcat-embed-core\9.0.79\tomcat-embed-core-9.0.79.jar;C:\develop\maven\repository\org\apache\tomcat\embed\tomcat-embed-el\9.0.79\tomcat-embed-el-9.0.79.jar;C:\develop\maven\repository\org\apache\tomcat\embed\tomcat-embed-websocket\9.0.79\tomcat-embed-websocket-9.0.79.jar;C:\develop\maven\repository\org\springframework\spring-web\5.3.29\spring-web-5.3.29.jar;C:\develop\maven\repository\org\springframework\spring-beans\5.3.29\spring-beans-5.3.29.jar;C:\develop\maven\repository\org\springframework\spring-webmvc\5.3.29\spring-webmvc-5.3.29.jar;C:\develop\maven\repository\org\springframework\spring-aop\5.3.29\spring-aop-5.3.29.jar;C:\develop\maven\repository\org\springframework\spring-context\5.3.29\spring-context-5.3.29.jar;C:\develop\maven\repository\org\springframework\spring-expression\5.3.29\spring-expression-5.3.29.jar;C:\develop\maven\repository\com\alibaba\cloud\spring-cloud-starter-alibaba-nacos-discovery\2021.0.4.0\spring-cloud-starter-alibaba-nacos-discovery-2021.0.4.0.jar;C:\develop\maven\repository\com\alibaba\cloud\spring-cloud-alibaba-commons\2021.0.4.0\spring-cloud-alibaba-commons-2021.0.4.0.jar;C:\develop\maven\repository\com\alibaba\nacos\nacos-client\2.0.4\nacos-client-2.0.4.jar;C:\develop\maven\repository\commons-codec\commons-codec\1.15\commons-codec-1.15.jar;C:\develop\maven\repository\org\apache\httpcomponents\httpasyncclient\4.1.5\httpasyncclient-4.1.5.jar;C:\develop\maven\repository\org\apache\httpcomponents\httpcore\4.4.16\httpcore-4.4.16.jar;C:\develop\maven\repository\org\apache\httpcomponents\httpcore-nio\4.4.16\httpcore-nio-4.4.16.jar;C:\develop\maven\repository\org\apache\httpcomponents\httpclient\4.5.14\httpclient-4.5.14.jar;C:\develop\maven\repository\org\reflections\reflections\0.9.11\reflections-0.9.11.jar;C:\develop\maven\repository\org\javassist\javassist\3.21.0-GA\javassist-3.21.0-GA.jar;C:\develop\maven\repository\io\prometheus\simpleclient\0.15.0\simpleclient-0.15.0.jar;C:\develop\maven\repository\io\prometheus\simpleclient_tracer_otel\0.15.0\simpleclient_tracer_otel-0.15.0.jar;C:\develop\maven\repository\io\prometheus\simpleclient_tracer_common\0.15.0\simpleclient_tracer_common-0.15.0.jar;C:\develop\maven\repository\io\prometheus\simpleclient_tracer_otel_agent\0.15.0\simpleclient_tracer_otel_agent-0.15.0.jar;C:\develop\maven\repository\com\alibaba\spring\spring-context-support\1.0.11\spring-context-support-1.0.11.jar;C:\develop\maven\repository\org\springframework\cloud\spring-cloud-commons\3.1.7\spring-cloud-commons-3.1.7.jar;C:\develop\maven\repository\org\springframework\security\spring-security-crypto\5.7.10\spring-security-crypto-5.7.10.jar;C:\develop\maven\repository\org\springframework\cloud\spring-cloud-context\3.1.7\spring-cloud-context-3.1.7.jar;C:\develop\maven\repository\com\alibaba\cloud\spring-cloud-starter-alibaba-sentinel\2021.0.4.0\spring-cloud-starter-alibaba-sentinel-2021.0.4.0.jar;C:\develop\maven\repository\com\alibaba\csp\sentinel-transport-simple-http\1.8.5\sentinel-transport-simple-http-1.8.5.jar;C:\develop\maven\repository\com\alibaba\csp\sentinel-transport-common\1.8.5\sentinel-transport-common-1.8.5.jar;C:\develop\maven\repository\com\alibaba\csp\sentinel-datasource-extension\1.8.5\sentinel-datasource-extension-1.8.5.jar;C:\develop\maven\repository\com\alibaba\csp\sentinel-annotation-aspectj\1.8.5\sentinel-annotation-aspectj-1.8.5.jar;C:\develop\maven\repository\com\alibaba\csp\sentinel-core\1.8.5\sentinel-core-1.8.5.jar;C:\develop\maven\repository\org\aspectj\aspectjweaver\1.9.7\aspectjweaver-1.9.7.jar;C:\develop\maven\repository\com\alibaba\cloud\spring-cloud-circuitbreaker-sentinel\2021.0.4.0\spring-cloud-circuitbreaker-sentinel-2021.0.4.0.jar;C:\develop\maven\repository\com\alibaba\csp\sentinel-reactor-adapter\1.8.5\sentinel-reactor-adapter-1.8.5.jar;C:\develop\maven\repository\com\alibaba\csp\sentinel-spring-webflux-adapter\1.8.5\sentinel-spring-webflux-adapter-1.8.5.jar;C:\develop\maven\repository\com\alibaba\csp\sentinel-spring-webmvc-adapter\1.8.5\sentinel-spring-webmvc-adapter-1.8.5.jar;C:\develop\maven\repository\com\alibaba\csp\sentinel-parameter-flow-control\1.8.5\sentinel-parameter-flow-control-1.8.5.jar;C:\develop\maven\repository\com\googlecode\concurrentlinkedhashmap\concurrentlinkedhashmap-lru\1.4.2\concurrentlinkedhashmap-lru-1.4.2.jar;C:\develop\maven\repository\com\alibaba\csp\sentinel-cluster-server-default\1.8.5\sentinel-cluster-server-default-1.8.5.jar;C:\develop\maven\repository\com\alibaba\csp\sentinel-cluster-common-default\1.8.5\sentinel-cluster-common-default-1.8.5.jar;C:\develop\maven\repository\io\netty\netty-handler\4.1.97.Final\netty-handler-4.1.97.Final.jar;C:\develop\maven\repository\io\netty\netty-common\4.1.97.Final\netty-common-4.1.97.Final.jar;C:\develop\maven\repository\io\netty\netty-resolver\4.1.97.Final\netty-resolver-4.1.97.Final.jar;C:\develop\maven\repository\io\netty\netty-buffer\4.1.97.Final\netty-buffer-4.1.97.Final.jar;C:\develop\maven\repository\io\netty\netty-transport\4.1.97.Final\netty-transport-4.1.97.Final.jar;C:\develop\maven\repository\io\netty\netty-transport-native-unix-common\4.1.97.Final\netty-transport-native-unix-common-4.1.97.Final.jar;C:\develop\maven\repository\io\netty\netty-codec\4.1.97.Final\netty-codec-4.1.97.Final.jar;C:\develop\maven\repository\com\alibaba\csp\sentinel-cluster-client-default\1.8.5\sentinel-cluster-client-default-1.8.5.jar;C:\develop\maven\repository\com\alibaba\cloud\spring-cloud-alibaba-sentinel-datasource\2021.0.4.0\spring-cloud-alibaba-sentinel-datasource-2021.0.4.0.jar;C:\develop\maven\repository\org\springframework\cloud\spring-cloud-starter-openfeign\3.1.8\spring-cloud-starter-openfeign-3.1.8.jar;C:\develop\maven\repository\org\springframework\cloud\spring-cloud-starter\3.1.7\spring-cloud-starter-3.1.7.jar;C:\develop\maven\repository\org\springframework\security\spring-security-rsa\1.0.11.RELEASE\spring-security-rsa-1.0.11.RELEASE.jar;C:\develop\maven\repository\org\bouncycastle\bcpkix-jdk15on\1.69\bcpkix-jdk15on-1.69.jar;C:\develop\maven\repository\org\bouncycastle\bcprov-jdk15on\1.69\bcprov-jdk15on-1.69.jar;C:\develop\maven\repository\org\bouncycastle\bcutil-jdk15on\1.69\bcutil-jdk15on-1.69.jar;C:\develop\maven\repository\org\springframework\cloud\spring-cloud-openfeign-core\3.1.8\spring-cloud-openfeign-core-3.1.8.jar;C:\develop\maven\repository\io\github\openfeign\form\feign-form-spring\3.8.0\feign-form-spring-3.8.0.jar;C:\develop\maven\repository\io\github\openfeign\form\feign-form\3.8.0\feign-form-3.8.0.jar;C:\develop\maven\repository\commons-fileupload\commons-fileupload\1.5\commons-fileupload-1.5.jar;C:\develop\maven\repository\commons-io\commons-io\2.11.0\commons-io-2.11.0.jar;C:\develop\maven\repository\io\github\openfeign\feign-core\11.10\feign-core-11.10.jar;C:\develop\maven\repository\io\github\openfeign\feign-slf4j\11.10\feign-slf4j-11.10.jar;C:\develop\maven\repository\org\slf4j\slf4j-api\1.7.36\slf4j-api-1.7.36.jar;C:\develop\maven\repository\org\springframework\cloud\spring-cloud-starter-loadbalancer\3.1.7\spring-cloud-starter-loadbalancer-3.1.7.jar;C:\develop\maven\repository\org\springframework\cloud\spring-cloud-loadbalancer\3.1.7\spring-cloud-loadbalancer-3.1.7.jar;C:\develop\maven\repository\io\projectreactor\reactor-core\3.4.32\reactor-core-3.4.32.jar;C:\develop\maven\repository\org\reactivestreams\reactive-streams\1.0.4\reactive-streams-1.0.4.jar;C:\develop\maven\repository\io\projectreactor\addons\reactor-extra\3.4.10\reactor-extra-3.4.10.jar;C:\develop\maven\repository\org\springframework\boot\spring-boot-starter-cache\2.7.15\spring-boot-starter-cache-2.7.15.jar;C:\develop\maven\repository\org\springframework\spring-context-support\5.3.29\spring-context-support-5.3.29.jar;C:\develop\maven\repository\com\stoyanr\evictor\1.0.0\evictor-1.0.0.jar;C:\develop\maven\repository\com\baomidou\mybatis-plus-boot-starter\3.5.3.1\mybatis-plus-boot-starter-3.5.3.1.jar;C:\develop\maven\repository\com\baomidou\mybatis-plus\3.5.3.1\mybatis-plus-3.5.3.1.jar;C:\develop\maven\repository\com\baomidou\mybatis-plus-extension\3.5.3.1\mybatis-plus-extension-3.5.3.1.jar;C:\develop\maven\repository\com\baomidou\mybatis-plus-core\3.5.3.1\mybatis-plus-core-3.5.3.1.jar;C:\develop\maven\repository\com\baomidou\mybatis-plus-annotation\3.5.3.1\mybatis-plus-annotation-3.5.3.1.jar;C:\develop\maven\repository\com\github\jsqlparser\jsqlparser\4.4\jsqlparser-4.4.jar;C:\develop\maven\repository\org\mybatis\mybatis\3.5.10\mybatis-3.5.10.jar;C:\develop\maven\repository\org\mybatis\mybatis-spring\2.0.7\mybatis-spring-2.0.7.jar;C:\develop\maven\repository\org\springframework\boot\spring-boot-autoconfigure\2.7.15\spring-boot-autoconfigure-2.7.15.jar;C:\develop\maven\repository\org\springframework\boot\spring-boot-starter-jdbc\2.7.15\spring-boot-starter-jdbc-2.7.15.jar;C:\develop\maven\repository\com\zaxxer\HikariCP\4.0.3\HikariCP-4.0.3.jar;C:\develop\maven\repository\org\springframework\spring-jdbc\5.3.29\spring-jdbc-5.3.29.jar;C:\develop\maven\repository\org\springframework\spring-tx\5.3.29\spring-tx-5.3.29.jar;C:\develop\maven\repository\com\mysql\mysql-connector-j\8.0.33\mysql-connector-j-8.0.33.jar;C:\develop\maven\repository\org\apache\rocketmq\rocketmq-spring-boot-starter\2.2.3\rocketmq-spring-boot-starter-2.2.3.jar;C:\develop\maven\repository\org\apache\rocketmq\rocketmq-spring-boot\2.2.3\rocketmq-spring-boot-2.2.3.jar;C:\develop\maven\repository\org\apache\rocketmq\rocketmq-client\5.0.0\rocketmq-client-5.0.0.jar;C:\develop\maven\repository\org\apache\rocketmq\rocketmq-common\5.0.0\rocketmq-common-5.0.0.jar;C:\develop\maven\repository\com\github\luben\zstd-jni\1.5.2-2\zstd-jni-1.5.2-2.jar;C:\develop\maven\repository\org\lz4\lz4-java\1.8.0\lz4-java-1.8.0.jar;C:\develop\maven\repository\org\apache\commons\commons-lang3\3.12.0\commons-lang3-3.12.0.jar;C:\develop\maven\repository\org\awaitility\awaitility\4.2.0\awaitility-4.2.0.jar;C:\develop\maven\repository\org\hamcrest\hamcrest\2.2\hamcrest-2.2.jar;C:\develop\maven\repository\org\apache\rocketmq\rocketmq-acl\5.0.0\rocketmq-acl-5.0.0.jar;C:\develop\maven\repository\org\apache\rocketmq\rocketmq-proto\2.0.0\rocketmq-proto-2.0.0.jar;C:\develop\maven\repository\org\apache\tomcat\annotations-api\6.0.53\annotations-api-6.0.53.jar;C:\develop\maven\repository\org\apache\rocketmq\rocketmq-remoting\5.0.0\rocketmq-remoting-5.0.0.jar;C:\develop\maven\repository\org\apache\rocketmq\rocketmq-logging\5.0.0\rocketmq-logging-5.0.0.jar;C:\develop\maven\repository\org\apache\rocketmq\rocketmq-srvutil\5.0.0\rocketmq-srvutil-5.0.0.jar;C:\develop\maven\repository\commons-cli\commons-cli\1.4\commons-cli-1.4.jar;C:\develop\maven\repository\commons-validator\commons-validator\1.7\commons-validator-1.7.jar;C:\develop\maven\repository\commons-beanutils\commons-beanutils\1.9.4\commons-beanutils-1.9.4.jar;C:\develop\maven\repository\commons-digester\commons-digester\2.1\commons-digester-2.1.jar;C:\develop\maven\repository\commons-logging\commons-logging\1.2\commons-logging-1.2.jar;C:\develop\maven\repository\commons-collections\commons-collections\3.2.2\commons-collections-3.2.2.jar;C:\develop\maven\repository\com\google\protobuf\protobuf-java-util\3.20.1\protobuf-java-util-3.20.1.jar;C:\develop\maven\repository\com\google\protobuf\protobuf-java\3.20.1\protobuf-java-3.20.1.jar;C:\develop\maven\repository\com\google\code\gson\gson\2.9.1\gson-2.9.1.jar;C:\develop\maven\repository\org\springframework\spring-messaging\5.3.29\spring-messaging-5.3.29.jar;C:\develop\maven\repository\org\springframework\boot\spring-boot-starter-validation\2.7.15\spring-boot-starter-validation-2.7.15.jar;C:\develop\maven\repository\org\hibernate\validator\hibernate-validator\6.2.5.Final\hibernate-validator-6.2.5.Final.jar;C:\develop\maven\repository\jakarta\validation\jakarta.validation-api\2.0.2\jakarta.validation-api-2.0.2.jar;C:\develop\maven\repository\org\jboss\logging\jboss-logging\3.4.3.Final\jboss-logging-3.4.3.Final.jar;C:\develop\maven\repository\com\fasterxml\classmate\1.5.1\classmate-1.5.1.jar;C:\develop\maven\repository\org\projectlombok\lombok\1.18.30\lombok-1.18.30.jar;C:\develop\maven\repository\com\alibaba\cloud\spring-cloud-starter-alibaba-seata\2021.0.4.0\spring-cloud-starter-alibaba-seata-2021.0.4.0.jar;C:\develop\maven\repository\org\springframework\boot\spring-boot-starter-aop\2.7.15\spring-boot-starter-aop-2.7.15.jar;C:\develop\maven\repository\io\seata\seata-spring-boot-starter\1.5.2\seata-spring-boot-starter-1.5.2.jar;C:\develop\maven\repository\io\seata\seata-spring-autoconfigure-client\1.5.2\seata-spring-autoconfigure-client-1.5.2.jar;C:\develop\maven\repository\io\seata\seata-spring-autoconfigure-core\1.5.2\seata-spring-autoconfigure-core-1.5.2.jar;C:\develop\maven\repository\io\seata\seata-all\1.5.2\seata-all-1.5.2.jar;C:\develop\maven\repository\io\netty\netty-all\4.1.97.Final\netty-all-4.1.97.Final.jar;C:\develop\maven\repository\io\netty\netty-codec-dns\4.1.97.Final\netty-codec-dns-4.1.97.Final.jar;C:\develop\maven\repository\io\netty\netty-codec-haproxy\4.1.97.Final\netty-codec-haproxy-4.1.97.Final.jar;C:\develop\maven\repository\io\netty\netty-codec-http\4.1.97.Final\netty-codec-http-4.1.97.Final.jar;C:\develop\maven\repository\io\netty\netty-codec-http2\4.1.97.Final\netty-codec-http2-4.1.97.Final.jar;C:\develop\maven\repository\io\netty\netty-codec-memcache\4.1.97.Final\netty-codec-memcache-4.1.97.Final.jar;C:\develop\maven\repository\io\netty\netty-codec-mqtt\4.1.97.Final\netty-codec-mqtt-4.1.97.Final.jar;C:\develop\maven\repository\io\netty\netty-codec-redis\4.1.97.Final\netty-codec-redis-4.1.97.Final.jar;C:\develop\maven\repository\io\netty\netty-codec-smtp\4.1.97.Final\netty-codec-smtp-4.1.97.Final.jar;C:\develop\maven\repository\io\netty\netty-codec-socks\4.1.97.Final\netty-codec-socks-4.1.97.Final.jar;C:\develop\maven\repository\io\netty\netty-codec-stomp\4.1.97.Final\netty-codec-stomp-4.1.97.Final.jar;C:\develop\maven\repository\io\netty\netty-codec-xml\4.1.97.Final\netty-codec-xml-4.1.97.Final.jar;C:\develop\maven\repository\io\netty\netty-handler-proxy\4.1.97.Final\netty-handler-proxy-4.1.97.Final.jar;C:\develop\maven\repository\io\netty\netty-handler-ssl-ocsp\4.1.97.Final\netty-handler-ssl-ocsp-4.1.97.Final.jar;C:\develop\maven\repository\io\netty\netty-resolver-dns\4.1.97.Final\netty-resolver-dns-4.1.97.Final.jar;C:\develop\maven\repository\io\netty\netty-transport-rxtx\4.1.97.Final\netty-transport-rxtx-4.1.97.Final.jar;C:\develop\maven\repository\io\netty\netty-transport-sctp\4.1.97.Final\netty-transport-sctp-4.1.97.Final.jar;C:\develop\maven\repository\io\netty\netty-transport-udt\4.1.97.Final\netty-transport-udt-4.1.97.Final.jar;C:\develop\maven\repository\io\netty\netty-transport-classes-epoll\4.1.97.Final\netty-transport-classes-epoll-4.1.97.Final.jar;C:\develop\maven\repository\io\netty\netty-transport-classes-kqueue\4.1.97.Final\netty-transport-classes-kqueue-4.1.97.Final.jar;C:\develop\maven\repository\io\netty\netty-resolver-dns-classes-macos\4.1.97.Final\netty-resolver-dns-classes-macos-4.1.97.Final.jar;C:\develop\maven\repository\io\netty\netty-transport-native-epoll\4.1.97.Final\netty-transport-native-epoll-4.1.97.Final-linux-x86_64.jar;C:\develop\maven\repository\io\netty\netty-transport-native-epoll\4.1.97.Final\netty-transport-native-epoll-4.1.97.Final-linux-aarch_64.jar;C:\develop\maven\repository\io\netty\netty-transport-native-kqueue\4.1.97.Final\netty-transport-native-kqueue-4.1.97.Final-osx-x86_64.jar;C:\develop\maven\repository\io\netty\netty-transport-native-kqueue\4.1.97.Final\netty-transport-native-kqueue-4.1.97.Final-osx-aarch_64.jar;C:\develop\maven\repository\io\netty\netty-resolver-dns-native-macos\4.1.97.Final\netty-resolver-dns-native-macos-4.1.97.Final-osx-x86_64.jar;C:\develop\maven\repository\io\netty\netty-resolver-dns-native-macos\4.1.97.Final\netty-resolver-dns-native-macos-4.1.97.Final-osx-aarch_64.jar;C:\develop\maven\repository\org\antlr\antlr4\4.8\antlr4-4.8.jar;C:\develop\maven\repository\org\antlr\antlr4-runtime\4.8\antlr4-runtime-4.8.jar;C:\develop\maven\repository\org\antlr\antlr-runtime\3.5.2\antlr-runtime-3.5.2.jar;C:\develop\maven\repository\org\antlr\ST4\4.3\ST4-4.3.jar;C:\develop\maven\repository\org\abego\treelayout\org.abego.treelayout.core\1.0.3\org.abego.treelayout.core-1.0.3.jar;C:\develop\maven\repository\org\glassfish\javax.json\1.0.4\javax.json-1.0.4.jar;C:\develop\maven\repository\com\ibm\icu\icu4j\61.1\icu4j-61.1.jar;C:\develop\maven\repository\com\alibaba\fastjson\1.2.83\fastjson-1.2.83.jar;C:\develop\maven\repository\com\alibaba\druid\1.2.6\druid-1.2.6.jar;C:\develop\maven\repository\com\typesafe\config\1.2.1\config-1.2.1.jar;C:\develop\maven\repository\commons-lang\commons-lang\2.6\commons-lang-2.6.jar;C:\develop\maven\repository\org\apache\commons\commons-pool2\2.11.1\commons-pool2-2.11.1.jar;C:\develop\maven\repository\commons-pool\commons-pool\1.6\commons-pool-1.6.jar;C:\develop\maven\repository\cglib\cglib\3.1\cglib-3.1.jar;C:\develop\maven\repository\aopalliance\aopalliance\1.0\aopalliance-1.0.jar;C:\develop\maven\repository\com\google\guava\guava\27.0.1-jre\guava-27.0.1-jre.jar;C:\develop\maven\repository\com\google\guava\failureaccess\1.0.1\failureaccess-1.0.1.jar;C:\develop\maven\repository\com\google\code\findbugs\jsr305\3.0.2\jsr305-3.0.2.jar;C:\develop\maven\repository\org\checkerframework\checker-qual\2.5.2\checker-qual-2.5.2.jar;C:\develop\maven\repository\com\google\errorprone\error_prone_annotations\2.2.0\error_prone_annotations-2.2.0.jar;C:\develop\maven\repository\com\google\j2objc\j2objc-annotations\1.1\j2objc-annotations-1.1.jar;C:\develop\maven\repository\org\codehaus\mojo\animal-sniffer-annotations\1.17\animal-sniffer-annotations-1.17.jar;C:\develop\maven\repository\com\github\ben-manes\caffeine\caffeine\2.9.3\caffeine-2.9.3.jar;C:\develop\maven\repository\com\esotericsoftware\kryo\4.0.2\kryo-4.0.2.jar;C:\develop\maven\repository\com\esotericsoftware\reflectasm\1.11.3\reflectasm-1.11.3.jar;C:\develop\maven\repository\org\ow2\asm\asm\5.0.4\asm-5.0.4.jar;C:\develop\maven\repository\com\esotericsoftware\minlog\1.3.0\minlog-1.3.0.jar;C:\develop\maven\repository\org\objenesis\objenesis\2.5.1\objenesis-2.5.1.jar;C:\develop\maven\repository\de\javakaffee\kryo-serializers\0.42\kryo-serializers-0.42.jar
Launcher Type: SUN_STANDARD

[Global flags]
     intx CICompilerCount                          = 12                                        {product} {ergonomic}
     uint ConcGCThreads                            = 4                                         {product} {ergonomic}
     uint G1ConcRefinementThreads                  = 15                                        {product} {ergonomic}
   size_t G1HeapRegionSize                         = 2097152                                   {product} {ergonomic}
   size_t InitialHeapSize                          = 266338304                                 {product} {ergonomic}
     bool ManagementServer                         = true                                      {product} {command line}
   size_t MarkStackSize                            = 4194304                                   {product} {ergonomic}
   size_t MarkStackSizeMax                         = 536870912                                 {product} {ergonomic}
   size_t MaxHeapSize                              = 4242538496                                {product} {ergonomic}
   size_t MinHeapDeltaBytes                        = 2097152                                   {product} {ergonomic}
   size_t MinHeapSize                              = 8388608                                   {product} {ergonomic}
    uintx NonNMethodCodeHeapSize                   = 4096                                   {pd product} {ergonomic}
    uintx NonProfiledCodeHeapSize                  = 0                                      {pd product} {ergonomic}
     bool ProfileInterpreter                       = false                                  {pd product} {command line}
    uintx ProfiledCodeHeapSize                     = 0                                      {pd product} {ergonomic}
   size_t SoftMaxHeapSize                          = 4242538496                             {manageable} {ergonomic}
     intx TieredStopAtLevel                        = 1                                         {product} {command line}
     bool UseCompressedOops                        = true                           {product lp64_product} {ergonomic}
     bool UseG1GC                                  = true                                      {product} {ergonomic}
     bool UseLargePagesIndividualAllocation        = false                                  {pd product} {ergonomic}

Logging:
Log output configuration:
 #0: stdout all=warning uptime,level,tags foldmultilines=false
 #1: stderr all=off uptime,level,tags foldmultilines=false

Environment Variables:
JAVA_HOME=C:\develop\java\jdk-22.0.1
PATH=E:\virtual machine\bin\;C:\develop\java\jdk-22.0.1\bin;C:\Program Files\Common Files\Oracle\Java\javapath;C:\Windows\system32;C:\Windows;C:\Windows\System32\Wbem;C:\Windows\System32\WindowsPowerShell\v1.0\;C:\Windows\System32\OpenSSH\;C:\Program Files (x86)\NVIDIA Corporation\PhysX\Common;C:\Program Files\dotnet\;C:\WINDOWS\system32;C:\WINDOWS;C:\WINDOWS\System32\Wbem;C:\WINDOWS\System32\WindowsPowerShell\v1.0\;C:\WINDOWS\System32\OpenSSH\;C:\Program Files\NVIDIA Corporation\NVIDIA app\NvDLISR;C:\develop\maven\apache-maven-3.9.11\bin\;D:\python\Scripts;C:\develop\Vue.js;D:\峚陓羲楷馱撿\峚陓web羲楷氪馱撿\dll;C:\develop\MYSQL\mysql-8.0.32-winx64;bin;C:\develop\go\bin;E:\Program Files (x86)\git\Git\cmd;C:\develop\MYSQL\mysql-8.0.32-winx64\bin;E:\code\server\rocketmq-all-5.0.0-bin-release\bin;E:\cursor\cursor\resources\app\bin;C:\Users\Lenovo\AppData\Local\Microsoft\WindowsApps;C:\ProgramData\Microsoft\Windows\Start Menu\Programs;C:\develop\driver;D:\python\PyCharm 2025.2.1\bin;D:\IDEAL\IntelliJ IDEA 2025.2.1\bin;C:\Users\Lenovo\AppData\Roaming\npm;D:\vscode\Microsoft VS Code\bin;C:\Users\Lenovo\go\bin
USERNAME=Lenovo
OS=Windows_NT
PROCESSOR_IDENTIFIER=Intel64 Family 6 Model 186 Stepping 2, GenuineIntel
TMP=C:\Users\Lenovo\AppData\Local\Temp
TEMP=C:\Users\Lenovo\AppData\Local\Temp




Periodic native trim disabled

---------------  S Y S T E M  ---------------

OS:
 Windows 11 , 64 bit Build 26100 (10.0.26100.8328)
OS uptime: 0 days 2:27 hours

CPU: total 20 (initial active 20) (10 cores per cpu, 2 threads per core) family 6 model 186 stepping 2 microcode 0x410e, cx8, cmov, fxsr, ht, mmx, 3dnowpref, sse, sse2, sse3, ssse3, sse4.1, sse4.2, popcnt, lzcnt, tsc, tscinvbit, avx, avx2, aes, erms, clmul, bmi1, bmi2, adx, sha, fma, vzeroupper, clflush, clflushopt, clwb, serialize, rdtscp, rdpid, fsrm, gfni, f16c, pku, cet_ibt, cet_ss
Processor Information for processor 0
  Max Mhz: 2400, Current Mhz: 2400, Mhz Limit: 2400
Processor Information for processor 1
  Max Mhz: 2400, Current Mhz: 2400, Mhz Limit: 2400
Processor Information for processor 2
  Max Mhz: 2400, Current Mhz: 2400, Mhz Limit: 2400
Processor Information for processor 3
  Max Mhz: 2400, Current Mhz: 2400, Mhz Limit: 2400
Processor Information for processor 4
  Max Mhz: 2400, Current Mhz: 2400, Mhz Limit: 2400
Processor Information for processor 5
  Max Mhz: 2400, Current Mhz: 2400, Mhz Limit: 2400
Processor Information for processor 6
  Max Mhz: 2400, Current Mhz: 2400, Mhz Limit: 2400
Processor Information for processor 7
  Max Mhz: 2400, Current Mhz: 2400, Mhz Limit: 2400
Processor Information for processor 8
  Max Mhz: 2400, Current Mhz: 2400, Mhz Limit: 2400
Processor Information for processor 9
  Max Mhz: 2400, Current Mhz: 2400, Mhz Limit: 2400
Processor Information for processor 10
  Max Mhz: 2400, Current Mhz: 2400, Mhz Limit: 2400
Processor Information for processor 11
  Max Mhz: 2400, Current Mhz: 2400, Mhz Limit: 2400
Processor Information for processor 12
  Max Mhz: 2400, Current Mhz: 1800, Mhz Limit: 1800
Processor Information for processor 13
  Max Mhz: 2400, Current Mhz: 1800, Mhz Limit: 1800
Processor Information for processor 14
  Max Mhz: 2400, Current Mhz: 1800, Mhz Limit: 1800
Processor Information for processor 15
  Max Mhz: 2400, Current Mhz: 1800, Mhz Limit: 1800
Processor Information for processor 16
  Max Mhz: 2400, Current Mhz: 1800, Mhz Limit: 1800
Processor Information for processor 17
  Max Mhz: 2400, Current Mhz: 1800, Mhz Limit: 1800
Processor Information for processor 18
  Max Mhz: 2400, Current Mhz: 1800, Mhz Limit: 1800
Processor Information for processor 19
  Max Mhz: 2400, Current Mhz: 1800, Mhz Limit: 1800

Memory: 4k page, system-wide physical 16176M (937M free)
TotalPageFile size 28464M (AvailPageFile size 118M)
current process WorkingSet (physical memory assigned to process): 14M, peak: 14M
current process commit charge ("private bytes"): 71M, peak: 325M

vm_info: OpenJDK 64-Bit Server VM (23.0.2+7-FR) for windows-amd64 JRE (23.0.2+7-FR), built on 2025-01-07T22:59:58Z with MS VC++ 16.10 / 16.11 (VS2019)

END.
